<?xml version="1.0" encoding="UTF-8"?>
<testng-results ignored="0" total="2" passed="1" failed="1" skipped="0">
  <reporter-output>
  </reporter-output>
  <suite started-at="2023-02-04T03:38:42 PST" name="Suite" finished-at="2023-02-04T03:38:42 PST" duration-ms="69">
    <groups>
    </groups>
    <test started-at="2023-02-04T03:38:42 PST" name="Test" finished-at="2023-02-04T03:38:42 PST" duration-ms="69">
      <class name="DEMO1.test1">
        <test-method is-config="true" signature="test1method2()[pri:0, instance:DEMO1.test1@418e7838]" started-at="2023-02-04T03:38:42 PST" name="test1method2" finished-at="2023-02-04T03:38:42 PST" duration-ms="10" status="PASS">
          <reporter-output>
          </reporter-output>
        </test-method> <!-- test1method2 -->
        <test-method is-config="true" signature="test1method4()[pri:0, instance:DEMO1.test1@418e7838]" started-at="2023-02-04T03:38:42 PST" name="test1method4" finished-at="2023-02-04T03:38:42 PST" duration-ms="0" status="PASS">
          <reporter-output>
          </reporter-output>
        </test-method> <!-- test1method4 -->
        <test-method is-config="true" signature="test2method7()[pri:0, instance:DEMO1.test1@418e7838]" started-at="2023-02-04T03:38:42 PST" name="test2method7" finished-at="2023-02-04T03:38:42 PST" duration-ms="1" status="PASS">
          <reporter-output>
          </reporter-output>
        </test-method> <!-- test2method7 -->
        <test-method is-config="true" signature="test2method9()[pri:0, instance:DEMO1.test1@418e7838]" started-at="2023-02-04T03:38:42 PST" name="test2method9" finished-at="2023-02-04T03:38:42 PST" duration-ms="0" status="PASS">
          <reporter-output>
          </reporter-output>
        </test-method> <!-- test2method9 -->
        <test-method signature="test1method1()[pri:0, instance:DEMO1.test1@418e7838]" started-at="2023-02-04T03:38:42 PST" name="test1method1" finished-at="2023-02-04T03:38:42 PST" duration-ms="2" status="PASS">
          <reporter-output>
          </reporter-output>
        </test-method> <!-- test1method1 -->
        <test-method is-config="true" signature="test2method10()[pri:0, instance:DEMO1.test1@418e7838]" started-at="2023-02-04T03:38:42 PST" name="test2method10" finished-at="2023-02-04T03:38:42 PST" duration-ms="0" status="PASS">
          <reporter-output>
          </reporter-output>
        </test-method> <!-- test2method10 -->
        <test-method is-config="true" signature="test1method6()[pri:0, instance:DEMO1.test1@418e7838]" started-at="2023-02-04T03:38:42 PST" name="test1method6" finished-at="2023-02-04T03:38:42 PST" duration-ms="1" status="PASS">
          <reporter-output>
          </reporter-output>
        </test-method> <!-- test1method6 -->
        <test-method is-config="true" signature="test2method8()[pri:0, instance:DEMO1.test1@418e7838]" started-at="2023-02-04T03:38:42 PST" name="test2method8" finished-at="2023-02-04T03:38:42 PST" duration-ms="0" status="PASS">
          <reporter-output>
          </reporter-output>
        </test-method> <!-- test2method8 -->
        <test-method is-config="true" signature="test1method5()[pri:0, instance:DEMO1.test1@418e7838]" started-at="2023-02-04T03:38:42 PST" name="test1method5" finished-at="2023-02-04T03:38:42 PST" duration-ms="1" status="PASS">
          <reporter-output>
          </reporter-output>
        </test-method> <!-- test1method5 -->
        <test-method is-config="true" signature="test1method3()[pri:0, instance:DEMO1.test1@418e7838]" started-at="2023-02-04T03:38:42 PST" name="test1method3" finished-at="2023-02-04T03:38:42 PST" duration-ms="0" status="PASS">
          <reporter-output>
          </reporter-output>
        </test-method> <!-- test1method3 -->
      </class> <!-- DEMO1.test1 -->
      <class name="DEMO1.parameterization">
        <test-method signature="method(java.lang.String,java.lang.String)[pri:0, instance:DEMO1.parameterization@161479c6]" started-at="2023-02-04T03:38:42 PST" name="method" finished-at="2023-02-04T03:38:42 PST" duration-ms="0" status="FAIL">
          <exception class="org.testng.TestNGException">
            <message>
              <![CDATA[
Parameter 'password' is required by @Test on method method but has not been marked @Optional or defined
in C:\Users\HP\eclipse-workspace\nov16TestNG\para.xml]]>
            </message>
            <full-stacktrace>
              <![CDATA[org.testng.TestNGException: 
Parameter 'password' is required by @Test on method method but has not been marked @Optional or defined
in C:\Users\HP\eclipse-workspace\nov16TestNG\para.xml
at org.testng.internal.Parameters.createParams(Parameters.java:270)
at org.testng.internal.Parameters.createParametersForMethod(Parameters.java:358)
at org.testng.internal.Parameters.createParameters(Parameters.java:700)
at org.testng.internal.Parameters.handleParameters(Parameters.java:884)
at org.testng.internal.Parameters.handleParameters(Parameters.java:740)
at org.testng.internal.ParameterHandler.handleParameters(ParameterHandler.java:59)
at org.testng.internal.ParameterHandler.createParameters(ParameterHandler.java:38)
at org.testng.internal.TestInvoker$MethodInvocationAgent.invoke(TestInvoker.java:791)
at org.testng.internal.TestInvoker.invokeTestMethods(TestInvoker.java:146)
at org.testng.internal.TestMethodWorker.invokeTestMethods(TestMethodWorker.java:146)
at org.testng.internal.TestMethodWorker.run(TestMethodWorker.java:128)
at java.base/java.util.ArrayList.forEach(ArrayList.java:1511)
at org.testng.TestRunner.privateRun(TestRunner.java:794)
at org.testng.TestRunner.run(TestRunner.java:596)
at org.testng.SuiteRunner.runTest(SuiteRunner.java:377)
at org.testng.SuiteRunner.runSequentially(SuiteRunner.java:371)
at org.testng.SuiteRunner.privateRun(SuiteRunner.java:332)
at org.testng.SuiteRunner.run(SuiteRunner.java:276)
at org.testng.SuiteRunnerWorker.runSuite(SuiteRunnerWorker.java:53)
at org.testng.SuiteRunnerWorker.run(SuiteRunnerWorker.java:96)
at org.testng.TestNG.runSuitesSequentially(TestNG.java:1212)
at org.testng.TestNG.runSuitesLocally(TestNG.java:1134)
at org.testng.TestNG.runSuites(TestNG.java:1063)
at org.testng.TestNG.run(TestNG.java:1031)
at org.testng.remote.AbstractRemoteTestNG.run(AbstractRemoteTestNG.java:115)
at org.testng.remote.RemoteTestNG.initAndRun(RemoteTestNG.java:251)
at org.testng.remote.RemoteTestNG.main(RemoteTestNG.java:77)
]]>
            </full-stacktrace>
          </exception> <!-- org.testng.TestNGException -->
          <reporter-output>
          </reporter-output>
        </test-method> <!-- method -->
      </class> <!-- DEMO1.parameterization -->
    </test> <!-- Test -->
  </suite> <!-- Suite -->
</testng-results>
